<?xml version="1.0" encoding="UTF-8"?>

<mule xmlns:http="http://www.mulesoft.org/schema/mule/http" xmlns="http://www.mulesoft.org/schema/mule/core"
	xmlns:doc="http://www.mulesoft.org/schema/mule/documentation"
	xmlns:xsi="http://www.w3.org/2001/XMLSchema-instance" xsi:schemaLocation="http://www.mulesoft.org/schema/mule/core http://www.mulesoft.org/schema/mule/core/current/mule.xsd
http://www.mulesoft.org/schema/mule/http http://www.mulesoft.org/schema/mule/http/current/mule-http.xsd">
	<http:listener-config name="HTTP_Listener_config" doc:name="HTTP Listener config" doc:id="01c50e3a-be0c-4a48-b4f5-53b2c343f7fa" >
		<http:listener-connection host="0.0.0.0" port="8081" />
	</http:listener-config>
	<flow name="test-git-ignoreFlow" doc:id="6d855df7-019a-4efc-a37f-7f7b2e92fc8b" >
		<http:listener doc:name="Listener" doc:id="da113074-d5b2-4889-bb79-3a0abc1dd63e" config-ref="HTTP_Listener_config" path="/test"/>
		<set-payload value="I am from test project" doc:name="Set Payload" doc:id="102e4073-fc00-45a6-a6dd-bfd02e59a472" />
		<logger level="INFO" doc:name="Logger" doc:id="c4f6821f-65a1-49d3-bbd3-44316e31a610" />
	</flow>
</mule>
